[debug] [2022-01-01T00:24:12.213Z] ----------------------------------------------------------------------
[debug] [2022-01-01T00:24:12.219Z] Command:       /usr/local/bin/node /usr/local/bin/firebase deploy
[debug] [2022-01-01T00:24:12.220Z] CLI Version:   9.21.0
[debug] [2022-01-01T00:24:12.220Z] Platform:      darwin
[debug] [2022-01-01T00:24:12.220Z] Node Version:  v14.18.0
[debug] [2022-01-01T00:24:12.258Z] Time:          Sat Jan 01 2022 02:24:12 GMT+0200 (Central Africa Time)
[debug] [2022-01-01T00:24:12.258Z] ----------------------------------------------------------------------
[debug] 
[debug] [2022-01-01T00:24:12.347Z] > command requires scopes: ["email","openid","https://www.googleapis.com/auth/cloudplatformprojects.readonly","https://www.googleapis.com/auth/firebase","https://www.googleapis.com/auth/cloud-platform"]
[debug] [2022-01-01T00:24:12.348Z] > authorizing via signed-in user (tawandagdmavondo@gmail.com)
[debug] [2022-01-01T00:24:12.348Z] [iam] checking project mavondoportfolio for permissions ["firebase.projects.get","firebasehosting.sites.update"]
[debug] [2022-01-01T00:24:12.376Z] >>> HTTP REQUEST POST https://cloudresourcemanager.googleapis.com/v1/projects/mavondoportfolio:testIamPermissions  
 {"permissions":["firebase.projects.get","firebasehosting.sites.update"]}
[debug] [2022-01-01T00:24:42.514Z] [iam] error while checking permissions, command may fail: FirebaseError: Server Error. getaddrinfo ENOTFOUND cloudresourcemanager.googleapis.com
[debug] [2022-01-01T00:24:42.516Z] > refreshing access token with scopes: []
[debug] [2022-01-01T00:24:42.517Z] >>> HTTP REQUEST POST https://www.googleapis.com/oauth2/v3/token  
 <request body omitted>
[debug] [2022-01-01T00:25:12.523Z] Authentication Error: Your credentials are no longer valid. Please run firebase login --reauth

For CI servers and headless environments, generate a new token with firebase login:ci
[debug] [2022-01-01T00:25:42.542Z] FirebaseError: Authentication Error: Your credentials are no longer valid. Please run firebase login --reauth

For CI servers and headless environments, generate a new token with firebase login:ci
    at invalidCredentialError (/usr/local/lib/node_modules/firebase-tools/lib/auth.js:141:12)
    at refreshTokens (/usr/local/lib/node_modules/firebase-tools/lib/auth.js:448:15)
    at processTicksAndRejections (internal/process/task_queues.js:95:5)
    at async Client.getAccessToken (/usr/local/lib/node_modules/firebase-tools/lib/apiv2.js:146:23)
    at async Client.addAuthHeader (/usr/local/lib/node_modules/firebase-tools/lib/apiv2.js:137:21)
    at async Client.request (/usr/local/lib/node_modules/firebase-tools/lib/apiv2.js:93:34)
    at async Object.getFirebaseProject (/usr/local/lib/node_modules/firebase-tools/lib/management/projects.js:290:21)
    at async Object.getDefaultHostingSite (/usr/local/lib/node_modules/firebase-tools/lib/getDefaultHostingSite.js:8:21)
    at async requireHostingSite (/usr/local/lib/node_modules/firebase-tools/lib/requireHostingSite.js:9:18)
    at async Object.fn (/usr/local/lib/node_modules/firebase-tools/lib/commands/deploy.js:65:9)
    at async /usr/local/lib/node_modules/firebase-tools/lib/command.js:188:17
[error] 
[error] Error: Failed to get Firebase project mavondoportfolio. Please make sure the project exists and your account has permission to access it.
